# JRE version: Java(TM) SE Runtime Environment (23.0+37) (build 23+37-2369)
# Java VM: Java HotSpot(TM) 64-Bit Server VM (23+37-2369, mixed mode, sharing, tiered, compressed oops, compressed class ptrs, g1 gc, windows-amd64)
GC Precious Log:
 CardTable entry size: 512
 Card Set container configuration: InlinePtr #cards 5 size 8 Array Of Cards #cards 10 size 36 Howl #buckets 4 coarsen threshold 1843 Howl Bitmap #cards 512 size 80 coarsen threshold 460 Card regions per heap region 1 cards per card region 2048
 CPUs: 4 total, 4 available
 Memory: 2599M
 Large Page Support: Disabled
 NUMA Support: Disabled
 Compressed Oops: Enabled (32-bit)
 Heap Region Size: 1M
 Heap Min Capacity: 8M
 Heap Initial Capacity: 42M
 Heap Max Capacity: 650M
 Pre-touch: Disabled
 Parallel Workers: 4
 Concurrent Workers: 1
 Concurrent Refinement Workers: 4
 Periodic GC: Disabled
Heap:
 garbage-first heap   total reserved 665600K, committed 40960K, used 32568K [0x00000000d7600000, 0x0000000100000000)
  region size 1024K, 15 young (15360K), 3 survivors (3072K)
 Metaspace       used 41451K, committed 42048K, reserved 1114112K
  class space    used 5281K, committed 5504K, reserved 1048576K
GC Heap History (20 events):
Event: 1.928 GC heap before
{Heap before GC invocations=1 (full 0):
 garbage-first heap   total reserved 665600K, committed 43008K, used 16265K [0x00000000d7600000, 0x0000000100000000)
  region size 1024K, 14 young (14336K), 2 survivors (2048K)
 Metaspace       used 7324K, committed 7552K, reserved 1114112K
  class space    used 924K, committed 1024K, reserved 1048576K
}
Event: 1.934 GC heap after
{Heap after GC invocations=2 (full 0):
 garbage-first heap   total reserved 665600K, committed 43008K, used 5102K [0x00000000d7600000, 0x0000000100000000)
  region size 1024K, 2 young (2048K), 2 survivors (2048K)
 Metaspace       used 7324K, committed 7552K, reserved 1114112K
  class space    used 924K, committed 1024K, reserved 1048576K
}
Event: 2.861 GC heap before
{Heap before GC invocations=2 (full 0):
 garbage-first heap   total reserved 665600K, committed 43008K, used 22510K [0x00000000d7600000, 0x0000000100000000)
  region size 1024K, 20 young (20480K), 2 survivors (2048K)
 Metaspace       used 11926K, committed 12224K, reserved 1114112K
  class space    used 1505K, committed 1600K, reserved 1048576K
}
Event: 2.867 GC heap after
{Heap after GC invocations=3 (full 0):
 garbage-first heap   total reserved 665600K, committed 43008K, used 6978K [0x00000000d7600000, 0x0000000100000000)
  region size 1024K, 3 young (3072K), 3 survivors (3072K)
 Metaspace       used 11926K, committed 12224K, reserved 1114112K
  class space    used 1505K, committed 1600K, reserved 1048576K
}
Event: 3.493 GC heap before
{Heap before GC invocations=3 (full 0):
 garbage-first heap   total reserved 665600K, committed 43008K, used 26434K [0x00000000d7600000, 0x0000000100000000)
  region size 1024K, 22 young (22528K), 3 survivors (3072K)
 Metaspace       used 17033K, committed 17344K, reserved 1114112K
  class space    used 2176K, committed 2304K, reserved 1048576K
}
Event: 3.501 GC heap after
{Heap after GC invocations=4 (full 0):
 garbage-first heap   total reserved 665600K, committed 43008K, used 8879K [0x00000000d7600000, 0x0000000100000000)
  region size 1024K, 3 young (3072K), 3 survivors (3072K)
 Metaspace       used 17033K, committed 17344K, reserved 1114112K
  class space    used 2176K, committed 2304K, reserved 1048576K
}
Event: 4.562 GC heap before
{Heap before GC invocations=4 (full 0):
 garbage-first heap   total reserved 665600K, committed 43008K, used 27311K [0x00000000d7600000, 0x0000000100000000)
  region size 1024K, 22 young (22528K), 3 survivors (3072K)
 Metaspace       used 19263K, committed 19520K, reserved 1114112K
  class space    used 2431K, committed 2560K, reserved 1048576K
}
Event: 4.568 GC heap after
{Heap after GC invocations=5 (full 0):
 garbage-first heap   total reserved 665600K, committed 43008K, used 10121K [0x00000000d7600000, 0x0000000100000000)
  region size 1024K, 2 young (2048K), 2 survivors (2048K)
 Metaspace       used 19263K, committed 19520K, reserved 1114112K
  class space    used 2431K, committed 2560K, reserved 1048576K
}
Event: 4.997 GC heap before
{Heap before GC invocations=5 (full 0):
 garbage-first heap   total reserved 665600K, committed 43008K, used 19337K [0x00000000d7600000, 0x0000000100000000)
  region size 1024K, 12 young (12288K), 2 survivors (2048K)
 Metaspace       used 21071K, committed 21504K, reserved 1114112K
  class space    used 2667K, committed 2880K, reserved 1048576K
}
Event: 5.003 GC heap after
{Heap after GC invocations=6 (full 0):
 garbage-first heap   total reserved 665600K, committed 43008K, used 11112K [0x00000000d7600000, 0x0000000100000000)
  region size 1024K, 3 young (3072K), 3 survivors (3072K)
 Metaspace       used 21071K, committed 21504K, reserved 1114112K
  class space    used 2667K, committed 2880K, reserved 1048576K
}
Event: 6.133 GC heap before
{Heap before GC invocations=7 (full 0):
 garbage-first heap   total reserved 665600K, committed 40960K, used 31592K [0x00000000d7600000, 0x0000000100000000)
  region size 1024K, 23 young (23552K), 3 survivors (3072K)
 Metaspace       used 25195K, committed 25664K, reserved 1114112K
  class space    used 3234K, committed 3456K, reserved 1048576K
}
Event: 6.142 GC heap after
{Heap after GC invocations=8 (full 0):
 garbage-first heap   total reserved 665600K, committed 40960K, used 13109K [0x00000000d7600000, 0x0000000100000000)
  region size 1024K, 3 young (3072K), 3 survivors (3072K)
 Metaspace       used 25195K, committed 25664K, reserved 1114112K
  class space    used 3234K, committed 3456K, reserved 1048576K
}
Event: 7.317 GC heap before
{Heap before GC invocations=8 (full 0):
 garbage-first heap   total reserved 665600K, committed 40960K, used 31541K [0x00000000d7600000, 0x0000000100000000)
  region size 1024K, 21 young (21504K), 3 survivors (3072K)
 Metaspace       used 28386K, committed 28864K, reserved 1114112K
  class space    used 3673K, committed 3904K, reserved 1048576K
}
Event: 7.332 GC heap after
{Heap after GC invocations=9 (full 0):
 garbage-first heap   total reserved 665600K, committed 40960K, used 15206K [0x00000000d7600000, 0x0000000100000000)
  region size 1024K, 3 young (3072K), 3 survivors (3072K)
 Metaspace       used 28386K, committed 28864K, reserved 1114112K
  class space    used 3673K, committed 3904K, reserved 1048576K
}
Event: 45.411 GC heap before
{Heap before GC invocations=9 (full 0):
 garbage-first heap   total reserved 665600K, committed 40960K, used 31590K [0x00000000d7600000, 0x0000000100000000)
  region size 1024K, 19 young (19456K), 3 survivors (3072K)
 Metaspace       used 31982K, committed 32576K, reserved 1114112K
  class space    used 4167K, committed 4416K, reserved 1048576K
}
Event: 45.471 GC heap after
{Heap after GC invocations=10 (full 0):
 garbage-first heap   total reserved 665600K, committed 40960K, used 16745K [0x00000000d7600000, 0x0000000100000000)
  region size 1024K, 2 young (2048K), 2 survivors (2048K)
 Metaspace       used 31982K, committed 32576K, reserved 1114112K
  class space    used 4167K, committed 4416K, reserved 1048576K
}
Event: 76.200 GC heap before
{Heap before GC invocations=10 (full 0):
 garbage-first heap   total reserved 665600K, committed 40960K, used 31081K [0x00000000d7600000, 0x0000000100000000)
  region size 1024K, 18 young (18432K), 2 survivors (2048K)
 Metaspace       used 35428K, committed 35968K, reserved 1114112K
  class space    used 4585K, committed 4800K, reserved 1048576K
}
Event: 76.252 GC heap after
{Heap after GC invocations=11 (full 0):
 garbage-first heap   total reserved 665600K, committed 40960K, used 19125K [0x00000000d7600000, 0x0000000100000000)
  region size 1024K, 3 young (3072K), 3 survivors (3072K)
 Metaspace       used 35428K, committed 35968K, reserved 1114112K
  class space    used 4585K, committed 4800K, reserved 1048576K
}
Event: 80.087 GC heap before
{Heap before GC invocations=12 (full 0):
 garbage-first heap   total reserved 665600K, committed 40960K, used 32437K [0x00000000d7600000, 0x0000000100000000)
  region size 1024K, 17 young (17408K), 3 survivors (3072K)
 Metaspace       used 40902K, committed 41408K, reserved 1114112K
  class space    used 5232K, committed 5440K, reserved 1048576K
}
Event: 80.113 GC heap after
{Heap after GC invocations=13 (full 0):
 garbage-first heap   total reserved 665600K, committed 40960K, used 21304K [0x00000000d7600000, 0x0000000100000000)
  region size 1024K, 3 young (3072K), 3 survivors (3072K)
 Metaspace       used 40902K, committed 41408K, reserved 1114112K
  class space    used 5232K, committed 5440K, reserved 1048576K
}

