# JRE version: OpenJDK Runtime Environment Temurin-21.0.6+7 (21.0.6+7) (build 21.0.6+7-LTS)
# Java VM: OpenJDK 64-Bit Server VM Temurin-21.0.6+7 (21.0.6+7-LTS, mixed mode, sharing, tiered, compressed oops, compressed class ptrs, parallel gc, windows-amd64)
GC Precious Log:
 CardTable entry size: 512
 CPUs: 4 total, 4 available
 Memory: 2599M
 Large Page Support: Disabled
 NUMA Support: Disabled
 Compressed Oops: Enabled (32-bit)
 Alignments: Space 512K, Generation 512K, Heap 2M
 Heap Min Capacity: 100M
 Heap Initial Capacity: 100M
 Heap Max Capacity: 1G
 Pre-touch: Disabled
 Parallel Workers: 4
Heap:
 PSYoungGen      total 18432K, used 1547K [0x00000000eab00000, 0x00000000ec380000, 0x0000000100000000)
  eden space 17920K, 5% used [0x00000000eab00000,0x00000000eac02d38,0x00000000ebc80000)
  from space 512K, 100% used [0x00000000ec280000,0x00000000ec300000,0x00000000ec300000)
  to   space 3584K, 0% used [0x00000000ebc80000,0x00000000ebc80000,0x00000000ec000000)
 ParOldGen       total 68608K, used 36413K [0x00000000c0000000, 0x00000000c4300000, 0x00000000eab00000)
  object space 68608K, 53% used [0x00000000c0000000,0x00000000c238f708,0x00000000c4300000)
 Metaspace       used 42916K, committed 43968K, reserved 1114112K
  class space    used 4188K, committed 4672K, reserved 1048576K
GC Heap History (20 events):
Event: 46.764 GC heap before
{Heap before GC invocations=17 (full 1):
 PSYoungGen      total 24064K, used 23832K [0x00000000eab00000, 0x00000000ec680000, 0x0000000100000000)
  eden space 22016K, 100% used [0x00000000eab00000,0x00000000ec080000,0x00000000ec080000)
  from space 2048K, 88% used [0x00000000ec080000,0x00000000ec246200,0x00000000ec280000)
  to   space 3072K, 0% used [0x00000000ec380000,0x00000000ec380000,0x00000000ec680000)
 ParOldGen       total 68608K, used 25981K [0x00000000c0000000, 0x00000000c4300000, 0x00000000eab00000)
  object space 68608K, 37% used [0x00000000c0000000,0x00000000c195f7f0,0x00000000c4300000)
 Metaspace       used 34514K, committed 35392K, reserved 1114112K
  class space    used 3336K, committed 3712K, reserved 1048576K
}
Event: 46.780 GC heap after
{Heap after GC invocations=17 (full 1):
 PSYoungGen      total 20992K, used 3040K [0x00000000eab00000, 0x00000000ece80000, 0x0000000100000000)
  eden space 17920K, 0% used [0x00000000eab00000,0x00000000eab00000,0x00000000ebc80000)
  from space 3072K, 98% used [0x00000000ec380000,0x00000000ec678020,0x00000000ec680000)
  to   space 7168K, 0% used [0x00000000ebc80000,0x00000000ebc80000,0x00000000ec380000)
 ParOldGen       total 68608K, used 29192K [0x00000000c0000000, 0x00000000c4300000, 0x00000000eab00000)
  object space 68608K, 42% used [0x00000000c0000000,0x00000000c1c82190,0x00000000c4300000)
 Metaspace       used 34514K, committed 35392K, reserved 1114112K
  class space    used 3336K, committed 3712K, reserved 1048576K
}
Event: 47.017 GC heap before
{Heap before GC invocations=18 (full 1):
 PSYoungGen      total 20992K, used 5647K [0x00000000eab00000, 0x00000000ece80000, 0x0000000100000000)
  eden space 17920K, 14% used [0x00000000eab00000,0x00000000ead8bbf8,0x00000000ebc80000)
  from space 3072K, 98% used [0x00000000ec380000,0x00000000ec678020,0x00000000ec680000)
  to   space 7168K, 0% used [0x00000000ebc80000,0x00000000ebc80000,0x00000000ec380000)
 ParOldGen       total 68608K, used 29192K [0x00000000c0000000, 0x00000000c4300000, 0x00000000eab00000)
  object space 68608K, 42% used [0x00000000c0000000,0x00000000c1c82190,0x00000000c4300000)
 Metaspace       used 34959K, committed 35840K, reserved 1114112K
  class space    used 3404K, committed 3776K, reserved 1048576K
}
Event: 47.025 GC heap after
{Heap after GC invocations=18 (full 1):
 PSYoungGen      total 18432K, used 64K [0x00000000eab00000, 0x00000000ec580000, 0x0000000100000000)
  eden space 17920K, 0% used [0x00000000eab00000,0x00000000eab00000,0x00000000ebc80000)
  from space 512K, 12% used [0x00000000ebc80000,0x00000000ebc90000,0x00000000ebd00000)
  to   space 2560K, 0% used [0x00000000ec300000,0x00000000ec300000,0x00000000ec580000)
 ParOldGen       total 68608K, used 32226K [0x00000000c0000000, 0x00000000c4300000, 0x00000000eab00000)
  object space 68608K, 46% used [0x00000000c0000000,0x00000000c1f788a0,0x00000000c4300000)
 Metaspace       used 34959K, committed 35840K, reserved 1114112K
  class space    used 3404K, committed 3776K, reserved 1048576K
}
Event: 47.025 GC heap before
{Heap before GC invocations=19 (full 2):
 PSYoungGen      total 18432K, used 64K [0x00000000eab00000, 0x00000000ec580000, 0x0000000100000000)
  eden space 17920K, 0% used [0x00000000eab00000,0x00000000eab00000,0x00000000ebc80000)
  from space 512K, 12% used [0x00000000ebc80000,0x00000000ebc90000,0x00000000ebd00000)
  to   space 2560K, 0% used [0x00000000ec300000,0x00000000ec300000,0x00000000ec580000)
 ParOldGen       total 68608K, used 32226K [0x00000000c0000000, 0x00000000c4300000, 0x00000000eab00000)
  object space 68608K, 46% used [0x00000000c0000000,0x00000000c1f788a0,0x00000000c4300000)
 Metaspace       used 34959K, committed 35840K, reserved 1114112K
  class space    used 3404K, committed 3776K, reserved 1048576K
}
Event: 47.420 GC heap after
{Heap after GC invocations=19 (full 2):
 PSYoungGen      total 18432K, used 0K [0x00000000eab00000, 0x00000000ec580000, 0x0000000100000000)
  eden space 17920K, 0% used [0x00000000eab00000,0x00000000eab00000,0x00000000ebc80000)
  from space 512K, 0% used [0x00000000ebc80000,0x00000000ebc80000,0x00000000ebd00000)
  to   space 2560K, 0% used [0x00000000ec300000,0x00000000ec300000,0x00000000ec580000)
 ParOldGen       total 68608K, used 29887K [0x00000000c0000000, 0x00000000c4300000, 0x00000000eab00000)
  object space 68608K, 43% used [0x00000000c0000000,0x00000000c1d2ff80,0x00000000c4300000)
 Metaspace       used 34959K, committed 35840K, reserved 1114112K
  class space    used 3404K, committed 3776K, reserved 1048576K
}
Event: 49.286 GC heap before
{Heap before GC invocations=20 (full 2):
 PSYoungGen      total 18432K, used 17920K [0x00000000eab00000, 0x00000000ec580000, 0x0000000100000000)
  eden space 17920K, 100% used [0x00000000eab00000,0x00000000ebc80000,0x00000000ebc80000)
  from space 512K, 0% used [0x00000000ebc80000,0x00000000ebc80000,0x00000000ebd00000)
  to   space 2560K, 0% used [0x00000000ec300000,0x00000000ec300000,0x00000000ec580000)
 ParOldGen       total 68608K, used 29887K [0x00000000c0000000, 0x00000000c4300000, 0x00000000eab00000)
  object space 68608K, 43% used [0x00000000c0000000,0x00000000c1d2ff80,0x00000000c4300000)
 Metaspace       used 36061K, committed 36992K, reserved 1114112K
  class space    used 3550K, committed 3968K, reserved 1048576K
}
Event: 49.289 GC heap after
{Heap after GC invocations=20 (full 2):
 PSYoungGen      total 18944K, used 564K [0x00000000eab00000, 0x00000000ec400000, 0x0000000100000000)
  eden space 17920K, 0% used [0x00000000eab00000,0x00000000eab00000,0x00000000ebc80000)
  from space 1024K, 55% used [0x00000000ec300000,0x00000000ec38d3c8,0x00000000ec400000)
  to   space 1024K, 0% used [0x00000000ec200000,0x00000000ec200000,0x00000000ec300000)
 ParOldGen       total 68608K, used 29895K [0x00000000c0000000, 0x00000000c4300000, 0x00000000eab00000)
  object space 68608K, 43% used [0x00000000c0000000,0x00000000c1d31f80,0x00000000c4300000)
 Metaspace       used 36061K, committed 36992K, reserved 1114112K
  class space    used 3550K, committed 3968K, reserved 1048576K
}
Event: 50.812 GC heap before
{Heap before GC invocations=21 (full 2):
 PSYoungGen      total 18944K, used 18484K [0x00000000eab00000, 0x00000000ec400000, 0x0000000100000000)
  eden space 17920K, 100% used [0x00000000eab00000,0x00000000ebc80000,0x00000000ebc80000)
  from space 1024K, 55% used [0x00000000ec300000,0x00000000ec38d3c8,0x00000000ec400000)
  to   space 1024K, 0% used [0x00000000ec200000,0x00000000ec200000,0x00000000ec300000)
 ParOldGen       total 68608K, used 29895K [0x00000000c0000000, 0x00000000c4300000, 0x00000000eab00000)
  object space 68608K, 43% used [0x00000000c0000000,0x00000000c1d31f80,0x00000000c4300000)
 Metaspace       used 37171K, committed 38080K, reserved 1114112K
  class space    used 3647K, committed 4032K, reserved 1048576K
}
Event: 50.879 GC heap after
{Heap after GC invocations=21 (full 2):
 PSYoungGen      total 18944K, used 1020K [0x00000000eab00000, 0x00000000ec380000, 0x0000000100000000)
  eden space 17920K, 0% used [0x00000000eab00000,0x00000000eab00000,0x00000000ebc80000)
  from space 1024K, 99% used [0x00000000ec200000,0x00000000ec2ff3b8,0x00000000ec300000)
  to   space 512K, 0% used [0x00000000ec300000,0x00000000ec300000,0x00000000ec380000)
 ParOldGen       total 68608K, used 30869K [0x00000000c0000000, 0x00000000c4300000, 0x00000000eab00000)
  object space 68608K, 44% used [0x00000000c0000000,0x00000000c1e25598,0x00000000c4300000)
 Metaspace       used 37171K, committed 38080K, reserved 1114112K
  class space    used 3647K, committed 4032K, reserved 1048576K
}
Event: 51.310 GC heap before
{Heap before GC invocations=22 (full 2):
 PSYoungGen      total 18944K, used 18940K [0x00000000eab00000, 0x00000000ec380000, 0x0000000100000000)
  eden space 17920K, 100% used [0x00000000eab00000,0x00000000ebc80000,0x00000000ebc80000)
  from space 1024K, 99% used [0x00000000ec200000,0x00000000ec2ff3b8,0x00000000ec300000)
  to   space 512K, 0% used [0x00000000ec300000,0x00000000ec300000,0x00000000ec380000)
 ParOldGen       total 68608K, used 30869K [0x00000000c0000000, 0x00000000c4300000, 0x00000000eab00000)
  object space 68608K, 44% used [0x00000000c0000000,0x00000000c1e25598,0x00000000c4300000)
 Metaspace       used 37199K, committed 38144K, reserved 1114112K
  class space    used 3647K, committed 4032K, reserved 1048576K
}
Event: 51.314 GC heap after
{Heap after GC invocations=22 (full 2):
 PSYoungGen      total 18432K, used 499K [0x00000000eab00000, 0x00000000ec380000, 0x0000000100000000)
  eden space 17920K, 0% used [0x00000000eab00000,0x00000000eab00000,0x00000000ebc80000)
  from space 512K, 97% used [0x00000000ec300000,0x00000000ec37cfd0,0x00000000ec380000)
  to   space 2048K, 0% used [0x00000000ebf80000,0x00000000ebf80000,0x00000000ec180000)
 ParOldGen       total 68608K, used 31832K [0x00000000c0000000, 0x00000000c4300000, 0x00000000eab00000)
  object space 68608K, 46% used [0x00000000c0000000,0x00000000c1f160a8,0x00000000c4300000)
 Metaspace       used 37199K, committed 38144K, reserved 1114112K
  class space    used 3647K, committed 4032K, reserved 1048576K
}
Event: 52.432 GC heap before
{Heap before GC invocations=23 (full 2):
 PSYoungGen      total 18432K, used 18419K [0x00000000eab00000, 0x00000000ec380000, 0x0000000100000000)
  eden space 17920K, 100% used [0x00000000eab00000,0x00000000ebc80000,0x00000000ebc80000)
  from space 512K, 97% used [0x00000000ec300000,0x00000000ec37cfd0,0x00000000ec380000)
  to   space 2048K, 0% used [0x00000000ebf80000,0x00000000ebf80000,0x00000000ec180000)
 ParOldGen       total 68608K, used 31832K [0x00000000c0000000, 0x00000000c4300000, 0x00000000eab00000)
  object space 68608K, 46% used [0x00000000c0000000,0x00000000c1f160a8,0x00000000c4300000)
 Metaspace       used 37970K, committed 38976K, reserved 1114112K
  class space    used 3719K, committed 4160K, reserved 1048576K
}
Event: 52.436 GC heap after
{Heap after GC invocations=23 (full 2):
 PSYoungGen      total 19968K, used 224K [0x00000000eab00000, 0x00000000ec380000, 0x0000000100000000)
  eden space 17920K, 0% used [0x00000000eab00000,0x00000000eab00000,0x00000000ebc80000)
  from space 2048K, 10% used [0x00000000ebf80000,0x00000000ebfb8000,0x00000000ec180000)
  to   space 1024K, 0% used [0x00000000ec280000,0x00000000ec280000,0x00000000ec380000)
 ParOldGen       total 68608K, used 32343K [0x00000000c0000000, 0x00000000c4300000, 0x00000000eab00000)
  object space 68608K, 47% used [0x00000000c0000000,0x00000000c1f95da0,0x00000000c4300000)
 Metaspace       used 37970K, committed 38976K, reserved 1114112K
  class space    used 3719K, committed 4160K, reserved 1048576K
}
Event: 53.591 GC heap before
{Heap before GC invocations=24 (full 2):
 PSYoungGen      total 19968K, used 18120K [0x00000000eab00000, 0x00000000ec380000, 0x0000000100000000)
  eden space 17920K, 99% used [0x00000000eab00000,0x00000000ebc7a020,0x00000000ebc80000)
  from space 2048K, 10% used [0x00000000ebf80000,0x00000000ebfb8000,0x00000000ec180000)
  to   space 1024K, 0% used [0x00000000ec280000,0x00000000ec280000,0x00000000ec380000)
 ParOldGen       total 68608K, used 32343K [0x00000000c0000000, 0x00000000c4300000, 0x00000000eab00000)
  object space 68608K, 47% used [0x00000000c0000000,0x00000000c1f95da0,0x00000000c4300000)
 Metaspace       used 40030K, committed 40960K, reserved 1114112K
  class space    used 3963K, committed 4352K, reserved 1048576K
}
Event: 53.651 GC heap after
{Heap after GC invocations=24 (full 2):
 PSYoungGen      total 18944K, used 688K [0x00000000eab00000, 0x00000000ec380000, 0x0000000100000000)
  eden space 17920K, 0% used [0x00000000eab00000,0x00000000eab00000,0x00000000ebc80000)
  from space 1024K, 67% used [0x00000000ec280000,0x00000000ec32c030,0x00000000ec380000)
  to   space 1024K, 0% used [0x00000000ec180000,0x00000000ec180000,0x00000000ec280000)
 ParOldGen       total 68608K, used 33220K [0x00000000c0000000, 0x00000000c4300000, 0x00000000eab00000)
  object space 68608K, 48% used [0x00000000c0000000,0x00000000c20712b0,0x00000000c4300000)
 Metaspace       used 40030K, committed 40960K, reserved 1114112K
  class space    used 3963K, committed 4352K, reserved 1048576K
}
Event: 79.496 GC heap before
{Heap before GC invocations=25 (full 2):
 PSYoungGen      total 18944K, used 17963K [0x00000000eab00000, 0x00000000ec380000, 0x0000000100000000)
  eden space 17920K, 96% used [0x00000000eab00000,0x00000000ebbdedb0,0x00000000ebc80000)
  from space 1024K, 67% used [0x00000000ec280000,0x00000000ec32c030,0x00000000ec380000)
  to   space 1024K, 0% used [0x00000000ec180000,0x00000000ec180000,0x00000000ec280000)
 ParOldGen       total 68608K, used 33220K [0x00000000c0000000, 0x00000000c4300000, 0x00000000eab00000)
  object space 68608K, 48% used [0x00000000c0000000,0x00000000c20712b0,0x00000000c4300000)
 Metaspace       used 40994K, committed 41920K, reserved 1114112K
  class space    used 4048K, committed 4480K, reserved 1048576K
}
Event: 79.561 GC heap after
{Heap after GC invocations=25 (full 2):
 PSYoungGen      total 18944K, used 1005K [0x00000000eab00000, 0x00000000ec300000, 0x0000000100000000)
  eden space 17920K, 0% used [0x00000000eab00000,0x00000000eab00000,0x00000000ebc80000)
  from space 1024K, 98% used [0x00000000ec180000,0x00000000ec27b530,0x00000000ec280000)
  to   space 512K, 0% used [0x00000000ec280000,0x00000000ec280000,0x00000000ec300000)
 ParOldGen       total 68608K, used 33843K [0x00000000c0000000, 0x00000000c4300000, 0x00000000eab00000)
  object space 68608K, 49% used [0x00000000c0000000,0x00000000c210cf08,0x00000000c4300000)
 Metaspace       used 40994K, committed 41920K, reserved 1114112K
  class space    used 4048K, committed 4480K, reserved 1048576K
}
Event: 82.918 GC heap before
{Heap before GC invocations=26 (full 2):
 PSYoungGen      total 18944K, used 18925K [0x00000000eab00000, 0x00000000ec300000, 0x0000000100000000)
  eden space 17920K, 100% used [0x00000000eab00000,0x00000000ebc80000,0x00000000ebc80000)
  from space 1024K, 98% used [0x00000000ec180000,0x00000000ec27b530,0x00000000ec280000)
  to   space 512K, 0% used [0x00000000ec280000,0x00000000ec280000,0x00000000ec300000)
 ParOldGen       total 68608K, used 33843K [0x00000000c0000000, 0x00000000c4300000, 0x00000000eab00000)
  object space 68608K, 49% used [0x00000000c0000000,0x00000000c210cf08,0x00000000c4300000)
 Metaspace       used 42627K, committed 43648K, reserved 1114112K
  class space    used 4159K, committed 4608K, reserved 1048576K
}
Event: 82.929 GC heap after
{Heap after GC invocations=26 (full 2):
 PSYoungGen      total 18432K, used 512K [0x00000000eab00000, 0x00000000ec380000, 0x0000000100000000)
  eden space 17920K, 0% used [0x00000000eab00000,0x00000000eab00000,0x00000000ebc80000)
  from space 512K, 100% used [0x00000000ec280000,0x00000000ec300000,0x00000000ec300000)
  to   space 3584K, 0% used [0x00000000ebc80000,0x00000000ebc80000,0x00000000ec000000)
 ParOldGen       total 68608K, used 36413K [0x00000000c0000000, 0x00000000c4300000, 0x00000000eab00000)
  object space 68608K, 53% used [0x00000000c0000000,0x00000000c238f708,0x00000000c4300000)
 Metaspace       used 42627K, committed 43648K, reserved 1114112K
  class space    used 4159K, committed 4608K, reserved 1048576K
}

