# JRE version: OpenJDK Runtime Environment Temurin-21.0.6+7 (21.0.6+7) (build 21.0.6+7-LTS)
# Java VM: OpenJDK 64-Bit Server VM Temurin-21.0.6+7 (21.0.6+7-LTS, mixed mode, sharing, tiered, compressed oops, compressed class ptrs, parallel gc, windows-amd64)
GC Precious Log:
 CardTable entry size: 512
 CPUs: 4 total, 4 available
 Memory: 2599M
 Large Page Support: Disabled
 NUMA Support: Disabled
 Compressed Oops: Enabled (32-bit)
 Alignments: Space 512K, Generation 512K, Heap 2M
 Heap Min Capacity: 100M
 Heap Initial Capacity: 100M
 Heap Max Capacity: 1G
 Pre-touch: Disabled
 Parallel Workers: 4
Heap:
 PSYoungGen      total 8704K, used 7630K [0x00000000eab00000, 0x00000000eb980000, 0x0000000100000000)
  eden space 5632K, 81% used [0x00000000eab00000,0x00000000eaf789f0,0x00000000eb080000)
  from space 3072K, 99% used [0x00000000eb480000,0x00000000eb77afa0,0x00000000eb780000)
  to   space 4096K, 0% used [0x00000000eb080000,0x00000000eb080000,0x00000000eb480000)
 ParOldGen       total 208896K, used 170761K [0x00000000c0000000, 0x00000000ccc00000, 0x00000000eab00000)
  object space 208896K, 81% used [0x00000000c0000000,0x00000000ca6c2400,0x00000000ccc00000)
 Metaspace       used 65074K, committed 66560K, reserved 1114112K
  class space    used 6733K, committed 7360K, reserved 1048576K
GC Heap History (20 events):
Event: 125.059 GC heap before
{Heap before GC invocations=197 (full 4):
 PSYoungGen      total 6656K, used 6229K [0x00000000eab00000, 0x00000000eb300000, 0x0000000100000000)
  eden space 5120K, 99% used [0x00000000eab00000,0x00000000eaffa8f0,0x00000000eb000000)
  from space 1536K, 73% used [0x00000000eb180000,0x00000000eb29ac78,0x00000000eb300000)
  to   space 1536K, 0% used [0x00000000eb000000,0x00000000eb000000,0x00000000eb180000)
 ParOldGen       total 208896K, used 158404K [0x00000000c0000000, 0x00000000ccc00000, 0x00000000eab00000)
  object space 208896K, 75% used [0x00000000c0000000,0x00000000c9ab1150,0x00000000ccc00000)
 Metaspace       used 64880K, committed 66368K, reserved 1114112K
  class space    used 6710K, committed 7360K, reserved 1048576K
}
Event: 125.076 GC heap after
{Heap after GC invocations=197 (full 4):
 PSYoungGen      total 6656K, used 1533K [0x00000000eab00000, 0x00000000eb580000, 0x0000000100000000)
  eden space 5120K, 0% used [0x00000000eab00000,0x00000000eab00000,0x00000000eb000000)
  from space 1536K, 99% used [0x00000000eb000000,0x00000000eb17f5f0,0x00000000eb180000)
  to   space 2560K, 0% used [0x00000000eb300000,0x00000000eb300000,0x00000000eb580000)
 ParOldGen       total 208896K, used 158970K [0x00000000c0000000, 0x00000000ccc00000, 0x00000000eab00000)
  object space 208896K, 76% used [0x00000000c0000000,0x00000000c9b3e898,0x00000000ccc00000)
 Metaspace       used 64880K, committed 66368K, reserved 1114112K
  class space    used 6710K, committed 7360K, reserved 1048576K
}
Event: 125.381 GC heap before
{Heap before GC invocations=198 (full 4):
 PSYoungGen      total 6656K, used 6653K [0x00000000eab00000, 0x00000000eb580000, 0x0000000100000000)
  eden space 5120K, 100% used [0x00000000eab00000,0x00000000eb000000,0x00000000eb000000)
  from space 1536K, 99% used [0x00000000eb000000,0x00000000eb17f5f0,0x00000000eb180000)
  to   space 2560K, 0% used [0x00000000eb300000,0x00000000eb300000,0x00000000eb580000)
 ParOldGen       total 208896K, used 158970K [0x00000000c0000000, 0x00000000ccc00000, 0x00000000eab00000)
  object space 208896K, 76% used [0x00000000c0000000,0x00000000c9b3e898,0x00000000ccc00000)
 Metaspace       used 64973K, committed 66496K, reserved 1114112K
  class space    used 6719K, committed 7360K, reserved 1048576K
}
Event: 125.397 GC heap after
{Heap after GC invocations=198 (full 4):
 PSYoungGen      total 7168K, used 1165K [0x00000000eab00000, 0x00000000eb480000, 0x0000000100000000)
  eden space 5632K, 0% used [0x00000000eab00000,0x00000000eab00000,0x00000000eb080000)
  from space 1536K, 75% used [0x00000000eb300000,0x00000000eb4235b0,0x00000000eb480000)
  to   space 1536K, 0% used [0x00000000eb180000,0x00000000eb180000,0x00000000eb300000)
 ParOldGen       total 208896K, used 160483K [0x00000000c0000000, 0x00000000ccc00000, 0x00000000eab00000)
  object space 208896K, 76% used [0x00000000c0000000,0x00000000c9cb8d48,0x00000000ccc00000)
 Metaspace       used 64973K, committed 66496K, reserved 1114112K
  class space    used 6719K, committed 7360K, reserved 1048576K
}
Event: 125.897 GC heap before
{Heap before GC invocations=199 (full 4):
 PSYoungGen      total 7168K, used 6797K [0x00000000eab00000, 0x00000000eb480000, 0x0000000100000000)
  eden space 5632K, 100% used [0x00000000eab00000,0x00000000eb080000,0x00000000eb080000)
  from space 1536K, 75% used [0x00000000eb300000,0x00000000eb4235b0,0x00000000eb480000)
  to   space 1536K, 0% used [0x00000000eb180000,0x00000000eb180000,0x00000000eb300000)
 ParOldGen       total 208896K, used 160483K [0x00000000c0000000, 0x00000000ccc00000, 0x00000000eab00000)
  object space 208896K, 76% used [0x00000000c0000000,0x00000000c9cb8d48,0x00000000ccc00000)
 Metaspace       used 65008K, committed 66496K, reserved 1114112K
  class space    used 6727K, committed 7360K, reserved 1048576K
}
Event: 125.910 GC heap after
{Heap after GC invocations=199 (full 4):
 PSYoungGen      total 7680K, used 1523K [0x00000000eab00000, 0x00000000eb600000, 0x0000000100000000)
  eden space 6144K, 0% used [0x00000000eab00000,0x00000000eab00000,0x00000000eb100000)
  from space 1536K, 99% used [0x00000000eb180000,0x00000000eb2fcc18,0x00000000eb300000)
  to   space 2560K, 0% used [0x00000000eb380000,0x00000000eb380000,0x00000000eb600000)
 ParOldGen       total 208896K, used 161200K [0x00000000c0000000, 0x00000000ccc00000, 0x00000000eab00000)
  object space 208896K, 77% used [0x00000000c0000000,0x00000000c9d6c298,0x00000000ccc00000)
 Metaspace       used 65008K, committed 66496K, reserved 1114112K
  class space    used 6727K, committed 7360K, reserved 1048576K
}
Event: 126.283 GC heap before
{Heap before GC invocations=200 (full 4):
 PSYoungGen      total 7680K, used 7667K [0x00000000eab00000, 0x00000000eb600000, 0x0000000100000000)
  eden space 6144K, 100% used [0x00000000eab00000,0x00000000eb100000,0x00000000eb100000)
  from space 1536K, 99% used [0x00000000eb180000,0x00000000eb2fcc18,0x00000000eb300000)
  to   space 2560K, 0% used [0x00000000eb380000,0x00000000eb380000,0x00000000eb600000)
 ParOldGen       total 208896K, used 161200K [0x00000000c0000000, 0x00000000ccc00000, 0x00000000eab00000)
  object space 208896K, 77% used [0x00000000c0000000,0x00000000c9d6c298,0x00000000ccc00000)
 Metaspace       used 65019K, committed 66496K, reserved 1114112K
  class space    used 6727K, committed 7360K, reserved 1048576K
}
Event: 126.313 GC heap after
{Heap after GC invocations=200 (full 4):
 PSYoungGen      total 8704K, used 1817K [0x00000000eab00000, 0x00000000eb580000, 0x0000000100000000)
  eden space 6656K, 0% used [0x00000000eab00000,0x00000000eab00000,0x00000000eb180000)
  from space 2048K, 88% used [0x00000000eb380000,0x00000000eb546660,0x00000000eb580000)
  to   space 2048K, 0% used [0x00000000eb180000,0x00000000eb180000,0x00000000eb380000)
 ParOldGen       total 208896K, used 162724K [0x00000000c0000000, 0x00000000ccc00000, 0x00000000eab00000)
  object space 208896K, 77% used [0x00000000c0000000,0x00000000c9ee9188,0x00000000ccc00000)
 Metaspace       used 65019K, committed 66496K, reserved 1114112K
  class space    used 6727K, committed 7360K, reserved 1048576K
}
Event: 126.481 GC heap before
{Heap before GC invocations=201 (full 4):
 PSYoungGen      total 8704K, used 8473K [0x00000000eab00000, 0x00000000eb580000, 0x0000000100000000)
  eden space 6656K, 100% used [0x00000000eab00000,0x00000000eb180000,0x00000000eb180000)
  from space 2048K, 88% used [0x00000000eb380000,0x00000000eb546660,0x00000000eb580000)
  to   space 2048K, 0% used [0x00000000eb180000,0x00000000eb180000,0x00000000eb380000)
 ParOldGen       total 208896K, used 162724K [0x00000000c0000000, 0x00000000ccc00000, 0x00000000eab00000)
  object space 208896K, 77% used [0x00000000c0000000,0x00000000c9ee9188,0x00000000ccc00000)
 Metaspace       used 65019K, committed 66496K, reserved 1114112K
  class space    used 6727K, committed 7360K, reserved 1048576K
}
Event: 126.511 GC heap after
{Heap after GC invocations=201 (full 4):
 PSYoungGen      total 8704K, used 2047K [0x00000000eab00000, 0x00000000ebc00000, 0x0000000100000000)
  eden space 6656K, 0% used [0x00000000eab00000,0x00000000eab00000,0x00000000eb180000)
  from space 2048K, 99% used [0x00000000eb180000,0x00000000eb37fde8,0x00000000eb380000)
  to   space 5120K, 0% used [0x00000000eb700000,0x00000000eb700000,0x00000000ebc00000)
 ParOldGen       total 208896K, used 164965K [0x00000000c0000000, 0x00000000ccc00000, 0x00000000eab00000)
  object space 208896K, 78% used [0x00000000c0000000,0x00000000ca119458,0x00000000ccc00000)
 Metaspace       used 65019K, committed 66496K, reserved 1114112K
  class space    used 6727K, committed 7360K, reserved 1048576K
}
Event: 126.635 GC heap before
{Heap before GC invocations=202 (full 4):
 PSYoungGen      total 8704K, used 8703K [0x00000000eab00000, 0x00000000ebc00000, 0x0000000100000000)
  eden space 6656K, 100% used [0x00000000eab00000,0x00000000eb180000,0x00000000eb180000)
  from space 2048K, 99% used [0x00000000eb180000,0x00000000eb37fde8,0x00000000eb380000)
  to   space 5120K, 0% used [0x00000000eb700000,0x00000000eb700000,0x00000000ebc00000)
 ParOldGen       total 208896K, used 164965K [0x00000000c0000000, 0x00000000ccc00000, 0x00000000eab00000)
  object space 208896K, 78% used [0x00000000c0000000,0x00000000ca119458,0x00000000ccc00000)
 Metaspace       used 65019K, committed 66496K, reserved 1114112K
  class space    used 6727K, committed 7360K, reserved 1048576K
}
Event: 126.659 GC heap after
{Heap after GC invocations=202 (full 4):
 PSYoungGen      total 9216K, used 1833K [0x00000000eab00000, 0x00000000eb900000, 0x0000000100000000)
  eden space 7168K, 0% used [0x00000000eab00000,0x00000000eab00000,0x00000000eb200000)
  from space 2048K, 89% used [0x00000000eb700000,0x00000000eb8ca7e8,0x00000000eb900000)
  to   space 3072K, 0% used [0x00000000eb300000,0x00000000eb300000,0x00000000eb600000)
 ParOldGen       total 208896K, used 166981K [0x00000000c0000000, 0x00000000ccc00000, 0x00000000eab00000)
  object space 208896K, 79% used [0x00000000c0000000,0x00000000ca3117f8,0x00000000ccc00000)
 Metaspace       used 65019K, committed 66496K, reserved 1114112K
  class space    used 6727K, committed 7360K, reserved 1048576K
}
Event: 127.073 GC heap before
{Heap before GC invocations=203 (full 4):
 PSYoungGen      total 9216K, used 9001K [0x00000000eab00000, 0x00000000eb900000, 0x0000000100000000)
  eden space 7168K, 100% used [0x00000000eab00000,0x00000000eb200000,0x00000000eb200000)
  from space 2048K, 89% used [0x00000000eb700000,0x00000000eb8ca7e8,0x00000000eb900000)
  to   space 3072K, 0% used [0x00000000eb300000,0x00000000eb300000,0x00000000eb600000)
 ParOldGen       total 208896K, used 166981K [0x00000000c0000000, 0x00000000ccc00000, 0x00000000eab00000)
  object space 208896K, 79% used [0x00000000c0000000,0x00000000ca3117f8,0x00000000ccc00000)
 Metaspace       used 65047K, committed 66560K, reserved 1114112K
  class space    used 6727K, committed 7360K, reserved 1048576K
}
Event: 127.078 GC heap after
{Heap after GC invocations=203 (full 4):
 PSYoungGen      total 10240K, used 2261K [0x00000000eab00000, 0x00000000eb780000, 0x0000000100000000)
  eden space 7680K, 0% used [0x00000000eab00000,0x00000000eab00000,0x00000000eb280000)
  from space 2560K, 88% used [0x00000000eb300000,0x00000000eb5356c0,0x00000000eb580000)
  to   space 2048K, 0% used [0x00000000eb580000,0x00000000eb580000,0x00000000eb780000)
 ParOldGen       total 208896K, used 166981K [0x00000000c0000000, 0x00000000ccc00000, 0x00000000eab00000)
  object space 208896K, 79% used [0x00000000c0000000,0x00000000ca3117f8,0x00000000ccc00000)
 Metaspace       used 65047K, committed 66560K, reserved 1114112K
  class space    used 6727K, committed 7360K, reserved 1048576K
}
Event: 127.310 GC heap before
{Heap before GC invocations=204 (full 4):
 PSYoungGen      total 10240K, used 9941K [0x00000000eab00000, 0x00000000eb780000, 0x0000000100000000)
  eden space 7680K, 100% used [0x00000000eab00000,0x00000000eb280000,0x00000000eb280000)
  from space 2560K, 88% used [0x00000000eb300000,0x00000000eb5356c0,0x00000000eb580000)
  to   space 2048K, 0% used [0x00000000eb580000,0x00000000eb580000,0x00000000eb780000)
 ParOldGen       total 208896K, used 166981K [0x00000000c0000000, 0x00000000ccc00000, 0x00000000eab00000)
  object space 208896K, 79% used [0x00000000c0000000,0x00000000ca3117f8,0x00000000ccc00000)
 Metaspace       used 65054K, committed 66560K, reserved 1114112K
  class space    used 6728K, committed 7360K, reserved 1048576K
}
Event: 127.333 GC heap after
{Heap after GC invocations=204 (full 4):
 PSYoungGen      total 8192K, used 2042K [0x00000000eab00000, 0x00000000ebc00000, 0x0000000100000000)
  eden space 6144K, 0% used [0x00000000eab00000,0x00000000eab00000,0x00000000eb100000)
  from space 2048K, 99% used [0x00000000eb580000,0x00000000eb77e858,0x00000000eb780000)
  to   space 4608K, 0% used [0x00000000eb100000,0x00000000eb100000,0x00000000eb580000)
 ParOldGen       total 208896K, used 168939K [0x00000000c0000000, 0x00000000ccc00000, 0x00000000eab00000)
  object space 208896K, 80% used [0x00000000c0000000,0x00000000ca4fafc8,0x00000000ccc00000)
 Metaspace       used 65054K, committed 66560K, reserved 1114112K
  class space    used 6728K, committed 7360K, reserved 1048576K
}
Event: 127.784 GC heap before
{Heap before GC invocations=205 (full 4):
 PSYoungGen      total 8192K, used 8186K [0x00000000eab00000, 0x00000000ebc00000, 0x0000000100000000)
  eden space 6144K, 100% used [0x00000000eab00000,0x00000000eb100000,0x00000000eb100000)
  from space 2048K, 99% used [0x00000000eb580000,0x00000000eb77e858,0x00000000eb780000)
  to   space 4608K, 0% used [0x00000000eb100000,0x00000000eb100000,0x00000000eb580000)
 ParOldGen       total 208896K, used 168939K [0x00000000c0000000, 0x00000000ccc00000, 0x00000000eab00000)
  object space 208896K, 80% used [0x00000000c0000000,0x00000000ca4fafc8,0x00000000ccc00000)
 Metaspace       used 65054K, committed 66560K, reserved 1114112K
  class space    used 6728K, committed 7360K, reserved 1048576K
}
Event: 127.797 GC heap after
{Heap after GC invocations=205 (full 4):
 PSYoungGen      total 8704K, used 2437K [0x00000000eab00000, 0x00000000eb780000, 0x0000000100000000)
  eden space 6144K, 0% used [0x00000000eab00000,0x00000000eab00000,0x00000000eb100000)
  from space 2560K, 95% used [0x00000000eb100000,0x00000000eb3617e8,0x00000000eb380000)
  to   space 3072K, 0% used [0x00000000eb480000,0x00000000eb480000,0x00000000eb780000)
 ParOldGen       total 208896K, used 169985K [0x00000000c0000000, 0x00000000ccc00000, 0x00000000eab00000)
  object space 208896K, 81% used [0x00000000c0000000,0x00000000ca6005c0,0x00000000ccc00000)
 Metaspace       used 65054K, committed 66560K, reserved 1114112K
  class space    used 6728K, committed 7360K, reserved 1048576K
}
Event: 127.949 GC heap before
{Heap before GC invocations=206 (full 4):
 PSYoungGen      total 8704K, used 8581K [0x00000000eab00000, 0x00000000eb780000, 0x0000000100000000)
  eden space 6144K, 100% used [0x00000000eab00000,0x00000000eb100000,0x00000000eb100000)
  from space 2560K, 95% used [0x00000000eb100000,0x00000000eb3617e8,0x00000000eb380000)
  to   space 3072K, 0% used [0x00000000eb480000,0x00000000eb480000,0x00000000eb780000)
 ParOldGen       total 208896K, used 169985K [0x00000000c0000000, 0x00000000ccc00000, 0x00000000eab00000)
  object space 208896K, 81% used [0x00000000c0000000,0x00000000ca6005c0,0x00000000ccc00000)
 Metaspace       used 65062K, committed 66560K, reserved 1114112K
  class space    used 6730K, committed 7360K, reserved 1048576K
}
Event: 127.964 GC heap after
{Heap after GC invocations=206 (full 4):
 PSYoungGen      total 8704K, used 3051K [0x00000000eab00000, 0x00000000eb980000, 0x0000000100000000)
  eden space 5632K, 0% used [0x00000000eab00000,0x00000000eab00000,0x00000000eb080000)
  from space 3072K, 99% used [0x00000000eb480000,0x00000000eb77afa0,0x00000000eb780000)
  to   space 4096K, 0% used [0x00000000eb080000,0x00000000eb080000,0x00000000eb480000)
 ParOldGen       total 208896K, used 170761K [0x00000000c0000000, 0x00000000ccc00000, 0x00000000eab00000)
  object space 208896K, 81% used [0x00000000c0000000,0x00000000ca6c2400,0x00000000ccc00000)
 Metaspace       used 65062K, committed 66560K, reserved 1114112K
  class space    used 6730K, committed 7360K, reserved 1048576K
}

